<?xml version="1.0" encoding="UTF-8"?>
<testsuite xmlns:xsi="http://www.w3.org/2001/XMLSchema-instance" xsi:noNamespaceSchemaLocation="https://maven.apache.org/surefire/maven-surefire-plugin/xsd/surefire-test-report-3.0.xsd" version="3.0" name="io.root2code.todoapplicationwithmysqlreact.todo.TodoJpaResourceTest" time="2.577" tests="3" errors="0" skipped="0" failures="0">
  <properties>
[...]
</properties>
  <testcase name="findByUsername_listSize_1" classname="io.root2code.todoapplicationwithmysqlreact.todo.TodoJpaResourceTest" time="2.477"/>
  <testcase name="findByUsername_listSize_2" classname="io.root2code.todoapplicationwithmysqlreact.todo.TodoJpaResourceTest" time="0.008"/>
  <testcase name="retrieveTodos_Gunz" classname="io.root2code.todoapplicationwithmysqlreact.todo.TodoJpaResourceTest" time="0.011"/>
</testsuite>